<?xml version="1.0" encoding="UTF-8"?>
<con:soapui-project activeEnvironment="Default" name="test" resourceRoot="" soapui-version="4.6.2" abortOnError="false" runType="SEQUENTIAL" xmlns:con="http://eviware.com/soapui/config"><con:settings/><con:interface xsi:type="con:WsdlInterface" wsaVersion="NONE" name="SP_CommonAssets_DocumentManagement_ws_saveDocument_Binder" type="wsdl" bindingName="{http://spaif.corp.intraxa/2013/10/SP_CommonAssets_DocumentManagement}SP_CommonAssets_DocumentManagement_ws_saveDocument_Binder" soapVersion="1_2" anonymous="optional" definition="file:/E:/$WKS/eip/save-document-cxf/wsdl%20SaveDocument%20v.0.4.wsdl" xmlns:xsi="http://www.w3.org/2001/XMLSchema-instance"><con:settings/><con:definitionCache type="TEXT" rootPart="file:\E:\$WKS\eip\save-document-cxf\wsdl%20SaveDocument%20v.0.4.wsdl"><con:part><con:url>file:\E:\$WKS\eip\save-document-cxf\wsdl%20SaveDocument%20v.0.4.wsdl</con:url><con:content><![CDATA[<wsdl:definitions name="saveDocument" targetNamespace="http://spaif.corp.intraxa/2013/10/SP_CommonAssets_DocumentManagement" xmlns:wsdl="http://schemas.xmlsoap.org/wsdl/" xmlns:HDR1="SPAIFDocuments.schemas.envelope.businessDataFormat.doc.pub" xmlns:HDR4="http://aems.corp.intraxa/eip/2013/08/schemas/technical" xmlns:HDR2="http://aems.corp.intraxa/eip/2013/07/schemas/business" xmlns:HDR3="SPAIFDocuments.schemas.envelope.technicalDataFormat.doc.pub" xmlns:soapenc="http://schemas.xmlsoap.org/soap/encoding/" xmlns:tns="http://spaif.corp.intraxa/2013/10/SP_CommonAssets_DocumentManagement" xmlns:soapjms="http://www.w3.org/2010/soapjms/" xmlns:http="http://schemas.xmlsoap.org/wsdl/http/" xmlns:xsd="http://www.w3.org/2001/XMLSchema" xmlns:soap="http://schemas.xmlsoap.org/wsdl/soap/" xmlns:mime="http://schemas.xmlsoap.org/wsdl/mime/" xmlns:soap12="http://schemas.xmlsoap.org/wsdl/soap12/" xmlns:xmime="http://www.w3.org/2005/05/xmlmime">
  >
  <wsdl:types>
    <xsd:schema targetNamespace="http://aems.corp.intraxa/eip/2013/07/schemas/business" xmlns:bus="http://aems.corp.intraxa/eip/2013/07/schemas/business">
      <xsd:element name="businessHeader" type="bus:BusinessHeader"/>
      <xsd:complexType name="BusinessHeader">
        <xsd:sequence>
          <xsd:element form="qualified" minOccurs="0" name="businessUnit" type="xsd:string"/>
          <xsd:element form="qualified" minOccurs="0" name="businessSubUnit" type="xsd:string"/>
          <xsd:element form="qualified" minOccurs="0" name="channel" type="xsd:string"/>
          <xsd:element form="qualified" minOccurs="0" name="policyId" type="xsd:string"/>
          <xsd:element form="qualified" minOccurs="0" name="clientId" type="xsd:string"/>
          <xsd:element form="qualified" minOccurs="0" name="claimId" type="xsd:string"/>
          <xsd:element form="qualified" minOccurs="0" name="productId" type="xsd:string"/>
          <xsd:element form="qualified" minOccurs="0" name="mediatorId" type="xsd:string"/>
        </xsd:sequence>
      </xsd:complexType>
    </xsd:schema>
    <xsd:schema targetNamespace="SPAIFDocuments.schemas.envelope.businessDataFormat.doc.pub" xmlns:bus="http://aems.corp.intraxa/eip/2013/07/schemas/business" xmlns:tns="SPAIFDocuments.schemas.envelope.businessDataFormat.doc.pub">
      <xsd:import namespace="http://aems.corp.intraxa/eip/2013/07/schemas/business"/>
      <xsd:element name="businessHeader" type="tns:businessHeader"/>
      <xsd:complexType name="businessHeader">
        <xsd:sequence>
          <xsd:element ref="bus:businessHeader"/>
        </xsd:sequence>
      </xsd:complexType>
    </xsd:schema>
    <xsd:schema targetNamespace="http://aems.corp.intraxa/eip/2013/08/schemas/technical" xmlns:tec="http://aems.corp.intraxa/eip/2013/08/schemas/technical">
      <xsd:element name="technicalHeader" type="tec:TechnicalHeader"/>
      <xsd:complexType name="TechnicalHeader">
        <xsd:sequence>
          <xsd:element form="qualified" minOccurs="0" name="auditTimestamp" type="xsd:dateTime"/>
          <xsd:element form="qualified" minOccurs="0" name="messageMetadata" type="tec:MessageMetadata"/>
          <xsd:element form="qualified" maxOccurs="unbounded" minOccurs="0" name="requesters" type="tec:Requester"/>
          <xsd:element form="qualified" minOccurs="0" name="messageSequence" type="tec:MessageSequence"/>
          <xsd:element form="qualified" maxOccurs="unbounded" minOccurs="0" name="users" type="tec:User"/>
        </xsd:sequence>
      </xsd:complexType>
      <xsd:complexType name="MessageMetadata">
        <xsd:sequence>
          <xsd:element form="qualified" minOccurs="0" name="serviceID" type="xsd:string"/>
          <xsd:element form="qualified" minOccurs="0" name="serviceName" type="xsd:string"/>
          <xsd:element form="qualified" minOccurs="0" name="serviceOperation" type="xsd:string"/>
          <xsd:element form="qualified" minOccurs="0" name="serviceVersion" type="xsd:string"/>
          <xsd:element form="qualified" minOccurs="0" name="stage" type="tec:Stage"/>
          <xsd:element form="qualified" minOccurs="0" name="expiration" type="xsd:dateTime"/>
          <xsd:element form="qualified" minOccurs="0" name="priority" type="tec:Priority"/>
          <xsd:element form="qualified" minOccurs="0" name="conversationID" type="xsd:string"/>
          <xsd:element form="qualified" minOccurs="0" name="correlationID" type="xsd:string"/>
          <xsd:element form="qualified" minOccurs="0" name="precedingMessageID" type="xsd:string"/>
        </xsd:sequence>
      </xsd:complexType>
      <xsd:simpleType name="Stage">
        <xsd:restriction base="xsd:string">
          <xsd:whiteSpace value="preserve"/>
          <xsd:enumeration value="DEV"/>
          <xsd:enumeration value="INT"/>
          <xsd:enumeration value="TST"/>
          <xsd:enumeration value="STG"/>
          <xsd:enumeration value="PRD"/>
          <xsd:enumeration value="EDU"/>
          <xsd:enumeration value="HMD"/>
          <xsd:enumeration value="HMI"/>
          <xsd:enumeration value="HMT"/>
        </xsd:restriction>
      </xsd:simpleType>
      <xsd:simpleType name="Priority">
        <xsd:restriction base="xsd:byte">
          <xsd:totalDigits value="1"/>
        </xsd:restriction>
      </xsd:simpleType>
      <xsd:complexType name="Requester">
        <xsd:sequence>
          <xsd:element form="qualified" minOccurs="0" name="opCo" type="xsd:string"/>
          <xsd:element form="qualified" minOccurs="0" name="applicationId" type="xsd:string"/>
          <xsd:element form="qualified" minOccurs="0" name="language" type="xsd:string"/>
          <xsd:element form="qualified" minOccurs="0" name="creationTimestamp" type="xsd:dateTime"/>
        </xsd:sequence>
      </xsd:complexType>
      <xsd:complexType name="MessageSequence">
        <xsd:sequence>
          <xsd:element form="qualified" minOccurs="0" name="sequenceID" type="xsd:string"/>
          <xsd:element form="qualified" minOccurs="0" name="messagePosition" type="xsd:int"/>
          <xsd:element form="qualified" minOccurs="0" name="sequenceSize" type="xsd:int"/>
          <xsd:element form="qualified" minOccurs="0" name="errorLimit" type="xsd:int"/>
        </xsd:sequence>
      </xsd:complexType>
      <xsd:complexType name="User">
        <xsd:sequence>
          <xsd:element form="qualified" minOccurs="0" name="userId" type="xsd:string"/>
        </xsd:sequence>
      </xsd:complexType>
    </xsd:schema>
    <xsd:schema targetNamespace="SPAIFDocuments.schemas.envelope.technicalDataFormat.doc.pub" xmlns:tec="http://aems.corp.intraxa/eip/2013/08/schemas/technical" xmlns:tns2="SPAIFDocuments.schemas.envelope.technicalDataFormat.doc.pub">
      <xsd:import namespace="http://aems.corp.intraxa/eip/2013/08/schemas/technical"/>
      <xsd:element name="technicalHeader" type="tns2:technicalHeader"/>
      <xsd:complexType name="technicalHeader">
        <xsd:sequence>
          <xsd:element ref="tec:technicalHeader"/>
        </xsd:sequence>
      </xsd:complexType>
    </xsd:schema>
    <xsd:schema targetNamespace="http://spaif.corp.intraxa/2013/10/SP_CommonAssets_DocumentManagement" xmlns:tns3="http://spaif.corp.intraxa/2013/10/SP_CommonAssets_DocumentManagement">
      <xsd:element name="saveDocument" type="tns3:saveDocument"/>
      <xsd:element name="saveDocumentResponse" type="tns3:saveDocumentResponse"/>
      <xsd:element name="Error" type="tns3:Error"/>
      <xsd:complexType name="saveDocument">
        <xsd:sequence>
          <xsd:element name="DocumentMetadata" nillable="true" type="tns3:DocumentalKnowledge"/>
        </xsd:sequence>
      </xsd:complexType>
      <xsd:complexType name="DocumentalKnowledge">
        <xsd:sequence>
          <xsd:element maxOccurs="unbounded" minOccurs="0" name="keyValue" nillable="true" type="tns3:KeyValueDoc"/>
          <xsd:element name="documentTypeId" nillable="true" type="xsd:string"/>
          <xsd:element name="attachment" nillable="true" type="xsd:base64Binary" xmime:expectedContentTypes="application/octet-stream, image/gif, application/pdf"/>
          <xsd:element name="fileName" nillable="true" type="xsd:string"/>
        </xsd:sequence>
      </xsd:complexType>
      <xsd:complexType name="KeyValueDoc">
        <xsd:sequence>
          <xsd:element name="key" nillable="true" type="xsd:string"/>
          <xsd:element name="value" nillable="true" type="xsd:string"/>
        </xsd:sequence>
      </xsd:complexType>
      <xsd:complexType name="saveDocumentResponse">
        <xsd:sequence>
          <xsd:element name="response" type="xsd:boolean"/>
        </xsd:sequence>
      </xsd:complexType>
      <xsd:complexType name="Error">
        <xsd:sequence>
          <xsd:element name="errorType" nillable="true" type="xsd:string"/>
          <xsd:element name="errorDescription" nillable="true" type="xsd:string"/>
          <xsd:element name="errorValue" nillable="true" type="xsd:string"/>
        </xsd:sequence>
      </xsd:complexType>
    </xsd:schema>
  </wsdl:types>
  <wsdl:message name="SPAIFDocuments_schemas_envelope_businessDataFormat_doc_pub_businessHeader">
    <wsdl:part name="parameters" element="HDR1:businessHeader"></wsdl:part>
  </wsdl:message>
  <wsdl:message name="SPAIFDocuments_schemas_envelope_technicalDataFormat_doc_pub_technicalHeader">
    <wsdl:part name="parameters" element="HDR3:technicalHeader"></wsdl:part>
  </wsdl:message>
  <wsdl:message name="saveDocument_PortType_saveDocumentResponse">
    <wsdl:part name="parameters" element="tns:saveDocumentResponse"></wsdl:part>
  </wsdl:message>
  <wsdl:message name="saveDocument_PortType_saveDocument">
    <wsdl:part name="parameters" element="tns:saveDocument"></wsdl:part>
  </wsdl:message>
  <wsdl:message name="Error_SP_CommonDocuments_Utils_documents_Error">
    <wsdl:part name="parameters" element="tns:Error"></wsdl:part>
  </wsdl:message>
  <wsdl:portType name="saveDocument_PortType">
    <wsdl:operation name="saveDocument">
      <wsdl:input message="tns:saveDocument_PortType_saveDocument"></wsdl:input>
      <wsdl:output message="tns:saveDocument_PortType_saveDocumentResponse"></wsdl:output>
      <wsdl:fault name="Error" message="tns:Error_SP_CommonDocuments_Utils_documents_Error"></wsdl:fault>
    </wsdl:operation>
  </wsdl:portType>
  <wsdl:binding name="SP_CommonAssets_DocumentManagement_ws_saveDocument_Binder" type="tns:saveDocument_PortType">
    <soap12:binding style="document" transport="http://schemas.xmlsoap.org/soap/http"/>
    <wsdl:operation name="saveDocument">
      <soap12:operation soapAction="SP_CommonAssets_DocumentManagement_ws_saveDocument_Binder_saveDocument" style="document"/>
      <wsdl:input>
        <soap12:body parts="parameters" use="literal"/>
        <soap12:header message="tns:SPAIFDocuments_schemas_envelope_technicalDataFormat_doc_pub_technicalHeader" part="parameters" use="literal"></soap12:header>
        <soap12:header message="tns:SPAIFDocuments_schemas_envelope_businessDataFormat_doc_pub_businessHeader" part="parameters" use="literal"></soap12:header>
      </wsdl:input>
      <wsdl:output>
        <soap12:body parts="parameters" use="literal"/>
        <soap12:header message="tns:SPAIFDocuments_schemas_envelope_technicalDataFormat_doc_pub_technicalHeader" part="parameters" use="literal"></soap12:header>
        <soap12:header message="tns:SPAIFDocuments_schemas_envelope_businessDataFormat_doc_pub_businessHeader" part="parameters" use="literal"></soap12:header>
      </wsdl:output>
      <wsdl:fault name="Error">
        <soap12:fault name="Error" use="literal"/>
      </wsdl:fault>
    </wsdl:operation>
  </wsdl:binding>
  <wsdl:service name="SP_CommonAssets_DocumentManagement.ws.saveDocument">
    <wsdl:port name="SP_CommonAssets_DocumentManagement_ws_saveDocument_Port" binding="tns:SP_CommonAssets_DocumentManagement_ws_saveDocument_Binder">
      <soap12:address location="http://DVSSNEIPMED01.ppmail.ppservices.axa-tech.intraxa:5520/ws/SP_CommonAssets_DocumentManagement.ws.saveDocument/SP_CommonAssets_DocumentManagement_ws_saveDocument_Port"/>
    </wsdl:port>
  </wsdl:service>
</wsdl:definitions>]]></con:content><con:type>http://schemas.xmlsoap.org/wsdl/</con:type></con:part></con:definitionCache><con:endpoints><con:endpoint>http://DVSSNEIPMED01.ppmail.ppservices.axa-tech.intraxa:5520/ws/SP_CommonAssets_DocumentManagement.ws.saveDocument/SP_CommonAssets_DocumentManagement_ws_saveDocument_Port</con:endpoint></con:endpoints><con:operation isOneWay="false" action="SP_CommonAssets_DocumentManagement_ws_saveDocument_Binder_saveDocument" name="saveDocument" bindingOperationName="saveDocument" type="Request-Response" inputName="" receivesAttachments="false" sendsAttachments="false" anonymous="optional"><con:settings/><con:call name="Request 1"><con:settings><con:setting id="com.eviware.soapui.impl.wsdl.WsdlRequest@request-headers">&lt;xml-fragment/></con:setting></con:settings><con:encoding>UTF-8</con:encoding><con:endpoint>http://DVSSNEIPMED01.ppmail.ppservices.axa-tech.intraxa:5520/ws/SP_CommonAssets_DocumentManagement.ws.saveDocument/SP_CommonAssets_DocumentManagement_ws_saveDocument_Port</con:endpoint><con:request><![CDATA[<soap:Envelope xmlns:soap="http://www.w3.org/2003/05/soap-envelope" xmlns:spa="SPAIFDocuments.schemas.envelope.businessDataFormat.doc.pub" xmlns:bus="http://aems.corp.intraxa/eip/2013/07/schemas/business" xmlns:spa1="SPAIFDocuments.schemas.envelope.technicalDataFormat.doc.pub" xmlns:tec="http://aems.corp.intraxa/eip/2013/08/schemas/technical" xmlns:sp="http://spaif.corp.intraxa/2013/10/SP_CommonAssets_DocumentManagement">
   <soap:Header>
      <spa:businessHeader>
         <bus:businessHeader>
            <!--Optional:-->
            <bus:businessUnit>?</bus:businessUnit>
            <!--Optional:-->
            <bus:businessSubUnit>?</bus:businessSubUnit>
            <!--Optional:-->
            <bus:channel>?</bus:channel>
            <!--Optional:-->
            <bus:policyId>?</bus:policyId>
            <!--Optional:-->
            <bus:clientId>?</bus:clientId>
            <!--Optional:-->
            <bus:claimId>?</bus:claimId>
            <!--Optional:-->
            <bus:productId>?</bus:productId>
            <!--Optional:-->
            <bus:mediatorId>?</bus:mediatorId>
         </bus:businessHeader>
      </spa:businessHeader>
      <spa1:technicalHeader>
         <tec:technicalHeader>
            <!--Optional:-->
            <tec:auditTimestamp>?</tec:auditTimestamp>
            <!--Optional:-->
            <tec:messageMetadata>
               <!--Optional:-->
               <tec:serviceID>?</tec:serviceID>
               <!--Optional:-->
               <tec:serviceName>?</tec:serviceName>
               <!--Optional:-->
               <tec:serviceOperation>?</tec:serviceOperation>
               <!--Optional:-->
               <tec:serviceVersion>?</tec:serviceVersion>
               <!--Optional:-->
               <tec:stage>?</tec:stage>
               <!--Optional:-->
               <tec:expiration>?</tec:expiration>
               <!--Optional:-->
               <tec:priority>?</tec:priority>
               <!--Optional:-->
               <tec:conversationID>?</tec:conversationID>
               <!--Optional:-->
               <tec:correlationID>?</tec:correlationID>
               <!--Optional:-->
               <tec:precedingMessageID>?</tec:precedingMessageID>
            </tec:messageMetadata>
            <!--Zero or more repetitions:-->
            <tec:requesters>
               <!--Optional:-->
               <tec:opCo>?</tec:opCo>
               <!--Optional:-->
               <tec:applicationId>?</tec:applicationId>
               <!--Optional:-->
               <tec:language>?</tec:language>
               <!--Optional:-->
               <tec:creationTimestamp>?</tec:creationTimestamp>
            </tec:requesters>
            <!--Optional:-->
            <tec:messageSequence>
               <!--Optional:-->
               <tec:sequenceID>?</tec:sequenceID>
               <!--Optional:-->
               <tec:messagePosition>?</tec:messagePosition>
               <!--Optional:-->
               <tec:sequenceSize>?</tec:sequenceSize>
               <!--Optional:-->
               <tec:errorLimit>?</tec:errorLimit>
            </tec:messageSequence>
            <!--Zero or more repetitions:-->
            <tec:users>
               <!--Optional:-->
               <tec:userId>?</tec:userId>
            </tec:users>
         </tec:technicalHeader>
      </spa1:technicalHeader>
   </soap:Header>
   <soap:Body>
      <sp:saveDocument>
         <DocumentMetadata>
            <!--Zero or more repetitions:-->
            <keyValue>
               <key>?</key>
               <value>?</value>
            </keyValue>
            <documentTypeId>?</documentTypeId>
            <attachment>cid:1072446220386</attachment>
            <fileName>?</fileName>
         </DocumentMetadata>
      </sp:saveDocument>
   </soap:Body>
</soap:Envelope>]]></con:request><con:credentials><con:authType>Global HTTP Settings</con:authType></con:credentials><con:jmsConfig JMSDeliveryMode="PERSISTENT"/><con:jmsPropertyConfig/><con:wsaConfig mustUnderstand="NONE" version="200508" action="http://spaif.corp.intraxa/2013/10/SP_CommonAssets_DocumentManagement/saveDocument_PortType/saveDocumentRequest"/><con:wsrmConfig version="1.2"/></con:call><con:call name="Request 2" outgoingWss="out"><con:settings><con:setting id="com.eviware.soapui.impl.wsdl.WsdlRequest@request-headers">&lt;xml-fragment/></con:setting></con:settings><con:encoding>UTF-8</con:encoding><con:endpoint>http://DVSSNEIPMED01.ppmail.ppservices.axa-tech.intraxa:5520/ws/SP_CommonAssets_DocumentManagement.ws.saveDocument/SP_CommonAssets_DocumentManagement_ws_saveDocument_Port</con:endpoint><con:request><![CDATA[<soap:Envelope xmlns:soap="http://www.w3.org/2003/05/soap-envelope" xmlns:spa="SPAIFDocuments.schemas.envelope.businessDataFormat.doc.pub" xmlns:bus="http://aems.corp.intraxa/eip/2013/07/schemas/business" xmlns:spa1="SPAIFDocuments.schemas.envelope.technicalDataFormat.doc.pub" xmlns:tec="http://aems.corp.intraxa/eip/2013/08/schemas/technical" xmlns:sp="http://spaif.corp.intraxa/2013/10/SP_CommonAssets_DocumentManagement">
   <soap:Header>
      <spa:businessHeader>
         <bus:businessHeader>
            <!--Optional:-->
            <bus:businessUnit>?</bus:businessUnit>
            <!--Optional:-->
            <bus:businessSubUnit>?</bus:businessSubUnit>
            <!--Optional:-->
            <bus:channel>?</bus:channel>
            <!--Optional:-->
            <bus:policyId>?</bus:policyId>
            <!--Optional:-->
            <bus:clientId>?</bus:clientId>
            <!--Optional:-->
            <bus:claimId>?</bus:claimId>
            <!--Optional:-->
            <bus:productId>?</bus:productId>
            <!--Optional:-->
            <bus:mediatorId>?</bus:mediatorId>
         </bus:businessHeader>
      </spa:businessHeader>
      <spa1:technicalHeader>
         <tec:technicalHeader>
            <!--Optional:-->
            <tec:auditTimestamp>?</tec:auditTimestamp>
            <!--Optional:-->
            <tec:messageMetadata>
               <!--Optional:-->
               <tec:serviceID>?</tec:serviceID>
               <!--Optional:-->
               <tec:serviceName>?</tec:serviceName>
               <!--Optional:-->
               <tec:serviceOperation>?</tec:serviceOperation>
               <!--Optional:-->
               <tec:serviceVersion>?</tec:serviceVersion>
               <!--Optional:-->
               <tec:stage>?</tec:stage>
               <!--Optional:-->
               <tec:expiration>?</tec:expiration>
               <!--Optional:-->
               <tec:priority>?</tec:priority>
               <!--Optional:-->
               <tec:conversationID>?</tec:conversationID>
               <!--Optional:-->
               <tec:correlationID>?</tec:correlationID>
               <!--Optional:-->
               <tec:precedingMessageID>?</tec:precedingMessageID>
            </tec:messageMetadata>
            <!--Zero or more repetitions:-->
            <tec:requesters>
               <!--Optional:-->
               <tec:opCo>?</tec:opCo>
               <!--Optional:-->
               <tec:applicationId>?</tec:applicationId>
               <!--Optional:-->
               <tec:language>?</tec:language>
               <!--Optional:-->
               <tec:creationTimestamp>?</tec:creationTimestamp>
            </tec:requesters>
            <!--Optional:-->
            <tec:messageSequence>
               <!--Optional:-->
               <tec:sequenceID>?</tec:sequenceID>
               <!--Optional:-->
               <tec:messagePosition>?</tec:messagePosition>
               <!--Optional:-->
               <tec:sequenceSize>?</tec:sequenceSize>
               <!--Optional:-->
               <tec:errorLimit>?</tec:errorLimit>
            </tec:messageSequence>
            <!--Zero or more repetitions:-->
            <tec:users>
               <!--Optional:-->
               <tec:userId>?</tec:userId>
            </tec:users>
         </tec:technicalHeader>
      </spa1:technicalHeader>
   </soap:Header>
   <soap:Body>
      <sp:saveDocument>
         <DocumentMetadata>
            <!--Zero or more repetitions:-->
            <keyValue>
               <key>?</key>
               <value>?</value>
            </keyValue>
            <documentTypeId>?</documentTypeId>
            <attachment>cid:1084645644991</attachment>
            <fileName>?</fileName>
         </DocumentMetadata>
      </sp:saveDocument>
   </soap:Body>
</soap:Envelope>]]></con:request><con:credentials><con:authType>Global HTTP Settings</con:authType></con:credentials><con:jmsConfig JMSDeliveryMode="PERSISTENT"/><con:jmsPropertyConfig/><con:wsaConfig mustUnderstand="NONE" version="200508" action="http://spaif.corp.intraxa/2013/10/SP_CommonAssets_DocumentManagement/saveDocument_PortType/saveDocumentRequest"/><con:wsrmConfig version="1.2"/></con:call><con:call name="Request 3" outgoingWss="out2"><con:settings><con:setting id="com.eviware.soapui.impl.wsdl.WsdlRequest@request-headers">&lt;xml-fragment/></con:setting></con:settings><con:encoding>UTF-8</con:encoding><con:endpoint>http://DVSSNEIPMED01.ppmail.ppservices.axa-tech.intraxa:5520/ws/SP_CommonAssets_DocumentManagement.ws.saveDocument/SP_CommonAssets_DocumentManagement_ws_saveDocument_Port</con:endpoint><con:request><![CDATA[<soap:Envelope xmlns:soap="http://www.w3.org/2003/05/soap-envelope" xmlns:spa="SPAIFDocuments.schemas.envelope.businessDataFormat.doc.pub" xmlns:bus="http://aems.corp.intraxa/eip/2013/07/schemas/business" xmlns:spa1="SPAIFDocuments.schemas.envelope.technicalDataFormat.doc.pub" xmlns:tec="http://aems.corp.intraxa/eip/2013/08/schemas/technical" xmlns:sp="http://spaif.corp.intraxa/2013/10/SP_CommonAssets_DocumentManagement">
   <soap:Header>
      <spa:businessHeader>
         <bus:businessHeader>
            <!--Optional:-->
            <bus:businessUnit>?</bus:businessUnit>
            <!--Optional:-->
            <bus:businessSubUnit>?</bus:businessSubUnit>
            <!--Optional:-->
            <bus:channel>?</bus:channel>
            <!--Optional:-->
            <bus:policyId>?</bus:policyId>
            <!--Optional:-->
            <bus:clientId>?</bus:clientId>
            <!--Optional:-->
            <bus:claimId>?</bus:claimId>
            <!--Optional:-->
            <bus:productId>?</bus:productId>
            <!--Optional:-->
            <bus:mediatorId>?</bus:mediatorId>
         </bus:businessHeader>
      </spa:businessHeader>
      <spa1:technicalHeader>
         <tec:technicalHeader>
            <!--Optional:-->
            <tec:auditTimestamp>?</tec:auditTimestamp>
            <!--Optional:-->
            <tec:messageMetadata>
               <!--Optional:-->
               <tec:serviceID>?</tec:serviceID>
               <!--Optional:-->
               <tec:serviceName>?</tec:serviceName>
               <!--Optional:-->
               <tec:serviceOperation>?</tec:serviceOperation>
               <!--Optional:-->
               <tec:serviceVersion>?</tec:serviceVersion>
               <!--Optional:-->
               <tec:stage>?</tec:stage>
               <!--Optional:-->
               <tec:expiration>?</tec:expiration>
               <!--Optional:-->
               <tec:priority>?</tec:priority>
               <!--Optional:-->
               <tec:conversationID>?</tec:conversationID>
               <!--Optional:-->
               <tec:correlationID>?</tec:correlationID>
               <!--Optional:-->
               <tec:precedingMessageID>?</tec:precedingMessageID>
            </tec:messageMetadata>
            <!--Zero or more repetitions:-->
            <tec:requesters>
               <!--Optional:-->
               <tec:opCo>?</tec:opCo>
               <!--Optional:-->
               <tec:applicationId>?</tec:applicationId>
               <!--Optional:-->
               <tec:language>?</tec:language>
               <!--Optional:-->
               <tec:creationTimestamp>?</tec:creationTimestamp>
            </tec:requesters>
            <!--Optional:-->
            <tec:messageSequence>
               <!--Optional:-->
               <tec:sequenceID>?</tec:sequenceID>
               <!--Optional:-->
               <tec:messagePosition>?</tec:messagePosition>
               <!--Optional:-->
               <tec:sequenceSize>?</tec:sequenceSize>
               <!--Optional:-->
               <tec:errorLimit>?</tec:errorLimit>
            </tec:messageSequence>
            <!--Zero or more repetitions:-->
            <tec:users>
               <!--Optional:-->
               <tec:userId>?</tec:userId>
            </tec:users>
         </tec:technicalHeader>
      </spa1:technicalHeader>
   </soap:Header>
   <soap:Body>
      <sp:saveDocument>
         <DocumentMetadata>
            <!--Zero or more repetitions:-->
            <keyValue>
               <key>?</key>
               <value>?</value>
            </keyValue>
            <documentTypeId>?</documentTypeId>
            <attachment>cid:689187402421</attachment>
            <fileName>?</fileName>
         </DocumentMetadata>
      </sp:saveDocument>
   </soap:Body>
</soap:Envelope>]]></con:request><con:credentials><con:authType>Global HTTP Settings</con:authType></con:credentials><con:jmsConfig JMSDeliveryMode="PERSISTENT"/><con:jmsPropertyConfig/><con:wsaConfig mustUnderstand="NONE" version="200508" action="http://spaif.corp.intraxa/2013/10/SP_CommonAssets_DocumentManagement/saveDocument_PortType/saveDocumentRequest"/><con:wsrmConfig version="1.2"/></con:call></con:operation></con:interface><con:properties/><con:wssContainer><con:crypto><con:source>E:/$WKS/drools/magic-chest/src/main/resources/pubcertkeystore</con:source><con:password>foobar</con:password><con:type>KEYSTORE</con:type><con:defaultAlias>pubcert</con:defaultAlias></con:crypto><con:outgoing><con:name>out</con:name><con:entry type="Signature" username="pubcert" password="foobar"><con:configuration><crypto>pubcertkeystore</crypto><keyIdentifierType>3</keyIdentifierType><signatureAlgorithm>http://www.w3.org/2000/09/xmldsig#rsa-sha1</signatureAlgorithm><signatureCanonicalization>http://www.w3.org/TR/2001/REC-xml-c14n-20010315#WithComments</signatureCanonicalization><useSingleCert>true</useSingleCert><digestAlgorithm>http://www.w3.org/2000/09/xmldsig#sha1</digestAlgorithm><signaturePart><![CDATA[<xml-fragment xmlns:con="http://eviware.com/soapui/config">
  <con:entry key="id" value=""/>
  <con:entry key="name" value="applicationId"/>
  <con:entry key="enc" value="Element"/>
  <con:entry key="namespace" value="http://aems.corp.intraxa/eip/2013/08/schemas/technical"/>
</xml-fragment>]]></signaturePart></con:configuration></con:entry><con:entry type="Timestamp"><con:configuration/></con:entry></con:outgoing><con:outgoing><con:name>out2</con:name><con:entry type="Encryption" username="pubcert" password="foobar"><con:configuration><crypto>pubcertkeystore</crypto><keyIdentifierType>3</keyIdentifierType><symmetricEncAlgorithm/><encKeyTransport/><embeddedKeyName/><embeddedKeyPassword/><encryptionCanonicalization/><encryptSymmetricKey>true</encryptSymmetricKey><encryptionPart>&lt;xml-fragment xmlns:con="http://eviware.com/soapui/config">
  &lt;con:entry key="id" value=""/>
  &lt;con:entry key="name" value="documentTypeId"/>
  &lt;con:entry key="enc" value="Element"/>
&lt;/xml-fragment></encryptionPart></con:configuration></con:entry></con:outgoing></con:wssContainer><con:sensitiveInformation/></con:soapui-project>